Model and tokenizer is loaded
Labels are encoded
Dataset split into train and eval
Dataset Dict:
 DatasetDict({
    train: Dataset({
        features: ['text', 'class', '__index_level_0__'],
        num_rows: 129931
    })
    eval: Dataset({
        features: ['text', 'class', '__index_level_0__'],
        num_rows: 55686
    })
})


Train's features:
 {'text': Value(dtype='string', id=None), 'class': Value(dtype='int64', id=None), '__index_level_0__': Value(dtype='int64', id=None)}


First row of Train:
 {'text': 'Im not even sadIm not upset or distraught I dont feel in distress or like the world around me is crumbling I just dont want to live I love my family and my friends they make me happy and when Im with them I am perfectly capable of being alive But when Im alone allowed to think when my brain only has itself I can only think about death I feel so effortlessly suicidal as if it would be as simple as making a sandwich I wanna die No matter how I think about it how selfish it is and how unfair to my loved ones I just cant imagine having to continue this ridiculous cycle of living because I was forcibly given this gift of life I hate it It sucks MY life doesnt suck its great Im just tired of living', 'class': 1, '__index_level_0__': 181030}
DatasetDict({
    train: Dataset({
        features: ['text', 'class', '__index_level_0__', 'input_ids', 'attention_mask'],
        num_rows: 129931
    })
    eval: Dataset({
        features: ['text', 'class', '__index_level_0__', 'input_ids', 'attention_mask'],
        num_rows: 55686
    })
})
{'text': 'Im not even sadIm not upset or distraught I dont feel in distress or like the world around me is crumbling I just dont want to live I love my family and my friends they make me happy and when Im with them I am perfectly capable of being alive But when Im alone allowed to think when my brain only has itself I can only think about death I feel so effortlessly suicidal as if it would be as simple as making a sandwich I wanna die No matter how I think about it how selfish it is and how unfair to my loved ones I just cant imagine having to continue this ridiculous cycle of living because I was forcibly given this gift of life I hate it It sucks MY life doesnt suck its great Im just tired of living', 'class': 1, '__index_level_0__': 181030, 'input_ids': [101, 146, 1306, 1136, 1256, 6782, 2240, 1306, 1136, 5737, 1137, 4267, 16468, 11266, 146, 1274, 1204, 1631, 1107, 13632, 1137, 1176, 1103, 1362, 1213, 1143, 1110, 172, 21473, 146, 1198, 1274, 1204, 1328, 1106, 1686, 146, 1567, 1139, 1266, 1105, 1139, 2053, 1152, 1294, 1143, 2816, 1105, 1165, 146, 1306, 1114, 1172, 146, 1821, 6150, 4451, 1104, 1217, 3534, 1252, 1165, 146, 1306, 2041, 2148, 1106, 1341, 1165, 1139, 3575, 1178, 1144, 2111, 146, 1169, 1178, 1341, 1164, 1473, 146, 1631, 1177, 3098, 8709, 28117, 27804, 1112, 1191, 1122, 1156, 1129, 1112, 3014, 1112, 1543, 170, 14327, 146, 16445, 2939, 1302, 2187, 1293, 146, 1341, 1164, 1122, 1293, 15589, 1122, 1110, 1105, 1293, 17111, 1106, 1139, 3097, 3200, 146, 1198, 1169, 1204, 5403, 1515, 1106, 2760, 1142, 9944, 5120, 1104, 1690, 1272, 146, 1108, 23129, 1549, 1142, 5309, 1104, 1297, 146, 4819, 1122, 1135, 22797, 150, 3663, 1297, 2144, 1204, 13054, 1157, 1632, 146, 1306, 1198, 4871, 1104, 1690, 102], 'attention_mask': [1, 1, 1, 1, 1, 1, 1, 1, 1, 1, 1, 1, 1, 1, 1, 1, 1, 1, 1, 1, 1, 1, 1, 1, 1, 1, 1, 1, 1, 1, 1, 1, 1, 1, 1, 1, 1, 1, 1, 1, 1, 1, 1, 1, 1, 1, 1, 1, 1, 1, 1, 1, 1, 1, 1, 1, 1, 1, 1, 1, 1, 1, 1, 1, 1, 1, 1, 1, 1, 1, 1, 1, 1, 1, 1, 1, 1, 1, 1, 1, 1, 1, 1, 1, 1, 1, 1, 1, 1, 1, 1, 1, 1, 1, 1, 1, 1, 1, 1, 1, 1, 1, 1, 1, 1, 1, 1, 1, 1, 1, 1, 1, 1, 1, 1, 1, 1, 1, 1, 1, 1, 1, 1, 1, 1, 1, 1, 1, 1, 1, 1, 1, 1, 1, 1, 1, 1, 1, 1, 1, 1, 1, 1, 1, 1, 1, 1, 1, 1, 1, 1, 1, 1, 1, 1, 1, 1, 1, 1, 1, 1]}
DatasetDict({
    train: Dataset({
        features: ['labels', 'input_ids', 'attention_mask'],
        num_rows: 129931
    })
    eval: Dataset({
        features: ['labels', 'input_ids', 'attention_mask'],
        num_rows: 55686
    })
})
Checkpoint file is created: /data1/ma2/checkpoints
{'loss': 0.2496, 'grad_norm': 0.6541783809661865, 'learning_rate': 4.9692156138406605e-05, 'epoch': 0.03}
{'loss': 0.1314, 'grad_norm': 0.022581662982702255, 'learning_rate': 4.938431227681321e-05, 'epoch': 0.06}
{'loss': 0.1279, 'grad_norm': 0.17937490344047546, 'learning_rate': 4.90764684152198e-05, 'epoch': 0.09}
{'loss': 0.1365, 'grad_norm': 0.3731127977371216, 'learning_rate': 4.8768624553626404e-05, 'epoch': 0.12}
{'loss': 0.1257, 'grad_norm': 0.1368296593427658, 'learning_rate': 4.8460780692033006e-05, 'epoch': 0.15}
{'loss': 0.1277, 'grad_norm': 12.68715763092041, 'learning_rate': 4.81529368304396e-05, 'epoch': 0.18}
{'loss': 0.1292, 'grad_norm': 0.021952245384454727, 'learning_rate': 4.7845092968846204e-05, 'epoch': 0.22}
{'loss': 0.1233, 'grad_norm': 41.62665939331055, 'learning_rate': 4.75372491072528e-05, 'epoch': 0.25}
{'loss': 0.1208, 'grad_norm': 3.5768401622772217, 'learning_rate': 4.72294052456594e-05, 'epoch': 0.28}
{'loss': 0.1109, 'grad_norm': 0.03728308156132698, 'learning_rate': 4.6921561384066004e-05, 'epoch': 0.31}
{'loss': 0.1137, 'grad_norm': 296.0870666503906, 'learning_rate': 4.6613717522472606e-05, 'epoch': 0.34}
{'loss': 0.1137, 'grad_norm': 7.843414306640625, 'learning_rate': 4.630587366087921e-05, 'epoch': 0.37}
{'loss': 0.1104, 'grad_norm': 0.053088895976543427, 'learning_rate': 4.5998029799285803e-05, 'epoch': 0.4}
{'loss': 0.1114, 'grad_norm': 16.93697738647461, 'learning_rate': 4.5690185937692406e-05, 'epoch': 0.43}
{'loss': 0.1208, 'grad_norm': 0.01237426232546568, 'learning_rate': 4.538234207609901e-05, 'epoch': 0.46}
{'loss': 0.1313, 'grad_norm': 0.05321388691663742, 'learning_rate': 4.50744982145056e-05, 'epoch': 0.49}
{'loss': 0.1308, 'grad_norm': 0.8007503747940063, 'learning_rate': 4.4766654352912205e-05, 'epoch': 0.52}
{'loss': 0.1008, 'grad_norm': 0.0469045490026474, 'learning_rate': 4.44588104913188e-05, 'epoch': 0.55}
{'loss': 0.1198, 'grad_norm': 11.37513256072998, 'learning_rate': 4.41509666297254e-05, 'epoch': 0.58}
{'loss': 0.0993, 'grad_norm': 0.0658433809876442, 'learning_rate': 4.3843122768132005e-05, 'epoch': 0.62}
{'loss': 0.1001, 'grad_norm': 0.03332732617855072, 'learning_rate': 4.353527890653861e-05, 'epoch': 0.65}
{'loss': 0.1154, 'grad_norm': 0.022950777783989906, 'learning_rate': 4.322743504494521e-05, 'epoch': 0.68}
{'loss': 0.1067, 'grad_norm': 0.04118217155337334, 'learning_rate': 4.2919591183351805e-05, 'epoch': 0.71}
{'loss': 0.1088, 'grad_norm': 0.07512912899255753, 'learning_rate': 4.261174732175841e-05, 'epoch': 0.74}
{'loss': 0.0989, 'grad_norm': 0.09957984834909439, 'learning_rate': 4.230390346016501e-05, 'epoch': 0.77}
{'loss': 0.1155, 'grad_norm': 0.05366487801074982, 'learning_rate': 4.1996059598571604e-05, 'epoch': 0.8}
{'loss': 0.1131, 'grad_norm': 0.06016143783926964, 'learning_rate': 4.1688215736978207e-05, 'epoch': 0.83}
{'loss': 0.0855, 'grad_norm': 0.053428176790475845, 'learning_rate': 4.13803718753848e-05, 'epoch': 0.86}
{'loss': 0.106, 'grad_norm': 1.0752331018447876, 'learning_rate': 4.1072528013791404e-05, 'epoch': 0.89}
{'loss': 0.112, 'grad_norm': 0.30831703543663025, 'learning_rate': 4.0764684152198006e-05, 'epoch': 0.92}
{'loss': 0.104, 'grad_norm': 3.222182512283325, 'learning_rate': 4.045684029060461e-05, 'epoch': 0.95}
{'loss': 0.1006, 'grad_norm': 0.023709401488304138, 'learning_rate': 4.014899642901121e-05, 'epoch': 0.99}
{'eval_loss': 0.10162436962127686, 'eval_accuracy': 0.9769960133606292, 'eval_f1': 0.9767694902344812, 'eval_runtime': 622.3471, 'eval_samples_per_second': 89.477, 'eval_steps_per_second': 11.185, 'epoch': 1.0}
{'loss': 0.1076, 'grad_norm': 0.04447535425424576, 'learning_rate': 3.9841152567417806e-05, 'epoch': 1.02}
{'loss': 0.0784, 'grad_norm': 0.04857582598924637, 'learning_rate': 3.953330870582441e-05, 'epoch': 1.05}
{'loss': 0.0902, 'grad_norm': 1.128536343574524, 'learning_rate': 3.922546484423101e-05, 'epoch': 1.08}
{'loss': 0.0667, 'grad_norm': 0.009114780463278294, 'learning_rate': 3.891762098263761e-05, 'epoch': 1.11}
{'loss': 0.0659, 'grad_norm': 0.014062569476664066, 'learning_rate': 3.860977712104421e-05, 'epoch': 1.14}
{'loss': 0.0935, 'grad_norm': 11.37820816040039, 'learning_rate': 3.83019332594508e-05, 'epoch': 1.17}
{'loss': 0.0807, 'grad_norm': 0.018703319132328033, 'learning_rate': 3.7994089397857405e-05, 'epoch': 1.2}
{'loss': 0.0823, 'grad_norm': 0.025345882400870323, 'learning_rate': 3.768624553626401e-05, 'epoch': 1.23}
{'loss': 0.073, 'grad_norm': 0.030971836298704147, 'learning_rate': 3.737840167467061e-05, 'epoch': 1.26}
{'loss': 0.0845, 'grad_norm': 4.957508563995361, 'learning_rate': 3.707055781307721e-05, 'epoch': 1.29}
{'loss': 0.0708, 'grad_norm': 0.03304828703403473, 'learning_rate': 3.676271395148381e-05, 'epoch': 1.32}
{'loss': 0.0826, 'grad_norm': 0.014484146609902382, 'learning_rate': 3.645487008989041e-05, 'epoch': 1.35}
{'loss': 0.0766, 'grad_norm': 0.09227858483791351, 'learning_rate': 3.614702622829701e-05, 'epoch': 1.39}
{'loss': 0.0937, 'grad_norm': 0.08377624303102493, 'learning_rate': 3.5839182366703614e-05, 'epoch': 1.42}
{'loss': 0.0783, 'grad_norm': 0.028475461527705193, 'learning_rate': 3.553133850511021e-05, 'epoch': 1.45}
{'loss': 0.0786, 'grad_norm': 0.037724532186985016, 'learning_rate': 3.5223494643516805e-05, 'epoch': 1.48}
{'loss': 0.0693, 'grad_norm': 0.01328316330909729, 'learning_rate': 3.491565078192341e-05, 'epoch': 1.51}
{'loss': 0.097, 'grad_norm': 0.3946099281311035, 'learning_rate': 3.460780692033001e-05, 'epoch': 1.54}
{'loss': 0.0886, 'grad_norm': 5.910164833068848, 'learning_rate': 3.429996305873661e-05, 'epoch': 1.57}
{'loss': 0.0853, 'grad_norm': 12.49264144897461, 'learning_rate': 3.399211919714321e-05, 'epoch': 1.6}
{'loss': 0.0938, 'grad_norm': 0.04074690118432045, 'learning_rate': 3.368427533554981e-05, 'epoch': 1.63}
{'loss': 0.0751, 'grad_norm': 0.03617953509092331, 'learning_rate': 3.337643147395641e-05, 'epoch': 1.66}
{'loss': 0.0795, 'grad_norm': 6.47610330581665, 'learning_rate': 3.306858761236301e-05, 'epoch': 1.69}
{'loss': 0.0906, 'grad_norm': 0.008319642394781113, 'learning_rate': 3.2760743750769615e-05, 'epoch': 1.72}
{'loss': 0.0747, 'grad_norm': 0.012632315047085285, 'learning_rate': 3.245289988917621e-05, 'epoch': 1.75}
{'loss': 0.0903, 'grad_norm': 0.012214264832437038, 'learning_rate': 3.214505602758281e-05, 'epoch': 1.79}
{'loss': 0.0806, 'grad_norm': 0.03862204775214195, 'learning_rate': 3.183721216598941e-05, 'epoch': 1.82}
{'loss': 0.0844, 'grad_norm': 0.03734578564763069, 'learning_rate': 3.152936830439601e-05, 'epoch': 1.85}
{'loss': 0.096, 'grad_norm': 6.921588897705078, 'learning_rate': 3.122152444280261e-05, 'epoch': 1.88}
{'loss': 0.0964, 'grad_norm': 0.0329669713973999, 'learning_rate': 3.0913680581209215e-05, 'epoch': 1.91}
{'loss': 0.0748, 'grad_norm': 0.17693552374839783, 'learning_rate': 3.060583671961581e-05, 'epoch': 1.94}
{'loss': 0.0817, 'grad_norm': 0.05468251556158066, 'learning_rate': 3.0297992858022412e-05, 'epoch': 1.97}
{'eval_loss': 0.12590867280960083, 'eval_accuracy': 0.9777682002657759, 'eval_f1': 0.9778295128939828, 'eval_runtime': 622.4459, 'eval_samples_per_second': 89.463, 'eval_steps_per_second': 11.183, 'epoch': 2.0}
{'loss': 0.0908, 'grad_norm': 0.022049974650144577, 'learning_rate': 2.9990148996429014e-05, 'epoch': 2.0}
{'loss': 0.0568, 'grad_norm': 0.015829462558031082, 'learning_rate': 2.9682305134835613e-05, 'epoch': 2.03}
{'loss': 0.0657, 'grad_norm': 0.01737065054476261, 'learning_rate': 2.9374461273242215e-05, 'epoch': 2.06}
{'loss': 0.0579, 'grad_norm': 0.012456867843866348, 'learning_rate': 2.906661741164881e-05, 'epoch': 2.09}
{'loss': 0.0576, 'grad_norm': 0.014941910281777382, 'learning_rate': 2.8758773550055413e-05, 'epoch': 2.12}
{'loss': 0.0508, 'grad_norm': 0.01412739884108305, 'learning_rate': 2.8450929688462015e-05, 'epoch': 2.15}
{'loss': 0.0605, 'grad_norm': 0.025028813630342484, 'learning_rate': 2.8143085826868614e-05, 'epoch': 2.19}
{'loss': 0.0642, 'grad_norm': 0.012141595594584942, 'learning_rate': 2.7835241965275216e-05, 'epoch': 2.22}
{'loss': 0.0484, 'grad_norm': 0.025250809267163277, 'learning_rate': 2.752739810368181e-05, 'epoch': 2.25}
{'loss': 0.0759, 'grad_norm': 17.784324645996094, 'learning_rate': 2.7219554242088413e-05, 'epoch': 2.28}
{'loss': 0.0586, 'grad_norm': 0.09021248668432236, 'learning_rate': 2.6911710380495016e-05, 'epoch': 2.31}
{'loss': 0.0714, 'grad_norm': 23.424474716186523, 'learning_rate': 2.6603866518901614e-05, 'epoch': 2.34}
{'loss': 0.0653, 'grad_norm': 0.012072289362549782, 'learning_rate': 2.6296022657308216e-05, 'epoch': 2.37}
{'loss': 0.0585, 'grad_norm': 0.008691365830600262, 'learning_rate': 2.5988178795714812e-05, 'epoch': 2.4}
{'loss': 0.0566, 'grad_norm': 0.012059447355568409, 'learning_rate': 2.5680334934121414e-05, 'epoch': 2.43}
{'loss': 0.0639, 'grad_norm': 0.009926829487085342, 'learning_rate': 2.5372491072528016e-05, 'epoch': 2.46}
{'loss': 0.0666, 'grad_norm': 1.0525299310684204, 'learning_rate': 2.5064647210934615e-05, 'epoch': 2.49}
{'loss': 0.0623, 'grad_norm': 0.01637018844485283, 'learning_rate': 2.4756803349341214e-05, 'epoch': 2.52}
{'loss': 0.0591, 'grad_norm': 0.014088500291109085, 'learning_rate': 2.4448959487747816e-05, 'epoch': 2.56}
{'loss': 0.0615, 'grad_norm': 0.012431727722287178, 'learning_rate': 2.4141115626154415e-05, 'epoch': 2.59}
{'loss': 0.0691, 'grad_norm': 0.017415139824151993, 'learning_rate': 2.3833271764561017e-05, 'epoch': 2.62}
{'loss': 0.0488, 'grad_norm': 0.008009211160242558, 'learning_rate': 2.3525427902967616e-05, 'epoch': 2.65}
{'loss': 0.0525, 'grad_norm': 0.030549246817827225, 'learning_rate': 2.3217584041374214e-05, 'epoch': 2.68}
{'loss': 0.0549, 'grad_norm': 1.3997498750686646, 'learning_rate': 2.2909740179780817e-05, 'epoch': 2.71}
{'loss': 0.065, 'grad_norm': 0.031616806983947754, 'learning_rate': 2.2601896318187415e-05, 'epoch': 2.74}
{'loss': 0.0621, 'grad_norm': 0.026847397908568382, 'learning_rate': 2.2294052456594017e-05, 'epoch': 2.77}
{'loss': 0.0502, 'grad_norm': 4.421560287475586, 'learning_rate': 2.198620859500062e-05, 'epoch': 2.8}
{'loss': 0.0659, 'grad_norm': 0.12689723074436188, 'learning_rate': 2.1678364733407215e-05, 'epoch': 2.83}
{'loss': 0.0619, 'grad_norm': 0.09374900907278061, 'learning_rate': 2.1370520871813817e-05, 'epoch': 2.86}
{'loss': 0.0603, 'grad_norm': 0.01645844802260399, 'learning_rate': 2.1062677010220416e-05, 'epoch': 2.89}
{'loss': 0.0727, 'grad_norm': 0.19819845259189606, 'learning_rate': 2.0754833148627018e-05, 'epoch': 2.92}
{'loss': 0.0611, 'grad_norm': 2.006068229675293, 'learning_rate': 2.044698928703362e-05, 'epoch': 2.96}
{'loss': 0.0473, 'grad_norm': 0.0037147768307477236, 'learning_rate': 2.0139145425440216e-05, 'epoch': 2.99}
{'eval_loss': 0.08861956745386124, 'eval_accuracy': 0.9793305319110728, 'eval_f1': 0.9792959545266491, 'eval_runtime': 622.3641, 'eval_samples_per_second': 89.475, 'eval_steps_per_second': 11.185, 'epoch': 3.0}
{'loss': 0.0402, 'grad_norm': 0.06191220507025719, 'learning_rate': 1.9831301563846818e-05, 'epoch': 3.02}
{'loss': 0.0543, 'grad_norm': 0.014669692143797874, 'learning_rate': 1.9523457702253417e-05, 'epoch': 3.05}
{'loss': 0.0417, 'grad_norm': 0.014295743778347969, 'learning_rate': 1.921561384066002e-05, 'epoch': 3.08}
{'loss': 0.0251, 'grad_norm': 0.0027839611284434795, 'learning_rate': 1.890776997906662e-05, 'epoch': 3.11}
{'loss': 0.0364, 'grad_norm': 0.002476452151313424, 'learning_rate': 1.859992611747322e-05, 'epoch': 3.14}
{'loss': 0.0351, 'grad_norm': 0.008320549502968788, 'learning_rate': 1.829208225587982e-05, 'epoch': 3.17}
{'loss': 0.0457, 'grad_norm': 0.05410897359251976, 'learning_rate': 1.7984238394286417e-05, 'epoch': 3.2}
{'loss': 0.0394, 'grad_norm': 0.05592086538672447, 'learning_rate': 1.767639453269302e-05, 'epoch': 3.23}
{'loss': 0.0411, 'grad_norm': 0.0042841932736337185, 'learning_rate': 1.736855067109962e-05, 'epoch': 3.26}
{'loss': 0.0442, 'grad_norm': 0.0020668581128120422, 'learning_rate': 1.706070680950622e-05, 'epoch': 3.29}
{'loss': 0.0346, 'grad_norm': 0.0011605392210185528, 'learning_rate': 1.675286294791282e-05, 'epoch': 3.32}
{'loss': 0.0381, 'grad_norm': 0.040404580533504486, 'learning_rate': 1.6445019086319418e-05, 'epoch': 3.36}
{'loss': 0.035, 'grad_norm': 0.03912090137600899, 'learning_rate': 1.613717522472602e-05, 'epoch': 3.39}
{'loss': 0.0387, 'grad_norm': 0.021719936281442642, 'learning_rate': 1.5829331363132622e-05, 'epoch': 3.42}
{'loss': 0.0337, 'grad_norm': 0.09678837656974792, 'learning_rate': 1.552148750153922e-05, 'epoch': 3.45}
{'loss': 0.0384, 'grad_norm': 0.01236772071570158, 'learning_rate': 1.5213643639945821e-05, 'epoch': 3.48}
{'loss': 0.0418, 'grad_norm': 0.03323957324028015, 'learning_rate': 1.490579977835242e-05, 'epoch': 3.51}
{'loss': 0.0526, 'grad_norm': 0.02830531634390354, 'learning_rate': 1.459795591675902e-05, 'epoch': 3.54}
{'loss': 0.0515, 'grad_norm': 0.06435846537351608, 'learning_rate': 1.4290112055165621e-05, 'epoch': 3.57}
{'loss': 0.0366, 'grad_norm': 0.013300821185112, 'learning_rate': 1.398226819357222e-05, 'epoch': 3.6}
{'loss': 0.0371, 'grad_norm': 0.024082880467176437, 'learning_rate': 1.3674424331978822e-05, 'epoch': 3.63}
{'loss': 0.0506, 'grad_norm': 0.010824653320014477, 'learning_rate': 1.3366580470385421e-05, 'epoch': 3.66}
{'loss': 0.0272, 'grad_norm': 0.005088960751891136, 'learning_rate': 1.3058736608792021e-05, 'epoch': 3.69}
{'loss': 0.0419, 'grad_norm': 0.008754297159612179, 'learning_rate': 1.2750892747198624e-05, 'epoch': 3.72}
{'loss': 0.0358, 'grad_norm': 0.018205367028713226, 'learning_rate': 1.244304888560522e-05, 'epoch': 3.76}
{'loss': 0.0355, 'grad_norm': 0.12661334872245789, 'learning_rate': 1.2135205024011821e-05, 'epoch': 3.79}
{'loss': 0.042, 'grad_norm': 0.004843936301767826, 'learning_rate': 1.1827361162418423e-05, 'epoch': 3.82}
{'loss': 0.0239, 'grad_norm': 6.353654384613037, 'learning_rate': 1.1519517300825022e-05, 'epoch': 3.85}
{'loss': 0.0373, 'grad_norm': 0.0059459032490849495, 'learning_rate': 1.1211673439231622e-05, 'epoch': 3.88}
{'loss': 0.047, 'grad_norm': 0.044552307575941086, 'learning_rate': 1.0903829577638221e-05, 'epoch': 3.91}
{'loss': 0.041, 'grad_norm': 9.293953895568848, 'learning_rate': 1.0595985716044822e-05, 'epoch': 3.94}
{'loss': 0.029, 'grad_norm': 0.11760222166776657, 'learning_rate': 1.0288141854451424e-05, 'epoch': 3.97}
{'eval_loss': 0.11080332845449448, 'eval_accuracy': 0.9799770139711956, 'eval_f1': 0.9798711028469301, 'eval_runtime': 622.1175, 'eval_samples_per_second': 89.51, 'eval_steps_per_second': 11.189, 'epoch': 4.0}
{'loss': 0.0425, 'grad_norm': 0.010427791625261307, 'learning_rate': 9.980297992858023e-06, 'epoch': 4.0}
{'loss': 0.0346, 'grad_norm': 0.02712744101881981, 'learning_rate': 9.672454131264623e-06, 'epoch': 4.03}
{'loss': 0.032, 'grad_norm': 14.598867416381836, 'learning_rate': 9.364610269671224e-06, 'epoch': 4.06}
{'loss': 0.0365, 'grad_norm': 0.014757990837097168, 'learning_rate': 9.056766408077822e-06, 'epoch': 4.09}
{'loss': 0.0189, 'grad_norm': 0.0032319449819624424, 'learning_rate': 8.748922546484425e-06, 'epoch': 4.13}
{'loss': 0.0211, 'grad_norm': 0.00207392405718565, 'learning_rate': 8.441078684891023e-06, 'epoch': 4.16}
{'loss': 0.0317, 'grad_norm': 0.003003465011715889, 'learning_rate': 8.133234823297624e-06, 'epoch': 4.19}
{'loss': 0.0264, 'grad_norm': 0.09091614186763763, 'learning_rate': 7.825390961704224e-06, 'epoch': 4.22}
{'loss': 0.0473, 'grad_norm': 0.1716446429491043, 'learning_rate': 7.517547100110824e-06, 'epoch': 4.25}
{'loss': 0.0211, 'grad_norm': 0.004599176812916994, 'learning_rate': 7.209703238517425e-06, 'epoch': 4.28}
{'loss': 0.0309, 'grad_norm': 0.006890367716550827, 'learning_rate': 6.901859376924025e-06, 'epoch': 4.31}
{'loss': 0.0266, 'grad_norm': 48.37108612060547, 'learning_rate': 6.5940155153306244e-06, 'epoch': 4.34}
{'loss': 0.0233, 'grad_norm': 0.006997015792876482, 'learning_rate': 6.286171653737225e-06, 'epoch': 4.37}
{'loss': 0.0141, 'grad_norm': 0.013888929970562458, 'learning_rate': 5.978327792143825e-06, 'epoch': 4.4}
{'loss': 0.0291, 'grad_norm': 0.038486454635858536, 'learning_rate': 5.670483930550425e-06, 'epoch': 4.43}
{'loss': 0.0234, 'grad_norm': 0.006250453181564808, 'learning_rate': 5.3626400689570255e-06, 'epoch': 4.46}
{'loss': 0.023, 'grad_norm': 0.004988512955605984, 'learning_rate': 5.054796207363625e-06, 'epoch': 4.49}
{'loss': 0.0207, 'grad_norm': 0.018099701032042503, 'learning_rate': 4.7469523457702256e-06, 'epoch': 4.53}
{'loss': 0.0287, 'grad_norm': 5.841036796569824, 'learning_rate': 4.439108484176826e-06, 'epoch': 4.56}
{'loss': 0.0302, 'grad_norm': 0.10898160934448242, 'learning_rate': 4.131264622583426e-06, 'epoch': 4.59}
{'loss': 0.0304, 'grad_norm': 0.004048229195177555, 'learning_rate': 3.823420760990026e-06, 'epoch': 4.62}
{'loss': 0.0225, 'grad_norm': 0.001321147894486785, 'learning_rate': 3.515576899396626e-06, 'epoch': 4.65}
{'loss': 0.0202, 'grad_norm': 0.0022070363629609346, 'learning_rate': 3.207733037803226e-06, 'epoch': 4.68}
{'loss': 0.0299, 'grad_norm': 82.69702911376953, 'learning_rate': 2.8998891762098267e-06, 'epoch': 4.71}
{'loss': 0.0208, 'grad_norm': 0.005046621430665255, 'learning_rate': 2.5920453146164267e-06, 'epoch': 4.74}
{'loss': 0.0256, 'grad_norm': 0.02009415253996849, 'learning_rate': 2.2842014530230268e-06, 'epoch': 4.77}
{'loss': 0.0183, 'grad_norm': 0.0019741691648960114, 'learning_rate': 1.976357591429627e-06, 'epoch': 4.8}
{'loss': 0.0352, 'grad_norm': 0.008385233581066132, 'learning_rate': 1.6685137298362273e-06, 'epoch': 4.83}
{'loss': 0.027, 'grad_norm': 0.009973068721592426, 'learning_rate': 1.3606698682428273e-06, 'epoch': 4.86}
{'loss': 0.0275, 'grad_norm': 0.03298873454332352, 'learning_rate': 1.0528260066494276e-06, 'epoch': 4.89}
{'loss': 0.0278, 'grad_norm': 0.011851422488689423, 'learning_rate': 7.449821450560276e-07, 'epoch': 4.93}
{'loss': 0.0346, 'grad_norm': 0.008389863185584545, 'learning_rate': 4.371382834626278e-07, 'epoch': 4.96}
{'loss': 0.0259, 'grad_norm': 0.002037834143266082, 'learning_rate': 1.2929442186922792e-07, 'epoch': 4.99}
{'eval_loss': 0.11638979613780975, 'eval_accuracy': 0.9801386344862263, 'eval_f1': 0.9800742262097791, 'eval_runtime': 621.8511, 'eval_samples_per_second': 89.549, 'eval_steps_per_second': 11.194, 'epoch': 5.0}
{'train_runtime': 26612.6878, 'train_samples_per_second': 24.411, 'train_steps_per_second': 3.052, 'train_loss': 0.06561790079836216, 'epoch': 5.0}
